# JRE version: Java(TM) SE Runtime Environment (8.0_45-b15) (build 1.8.0_45-b15)
# Java VM: Java HotSpot(TM) 64-Bit Server VM (25.45-b02 mixed mode windows-amd64 compressed oops)
Heap:
 PSYoungGen      total 141824K, used 14662K [0x00000000d6500000, 0x00000000e5380000, 0x0000000100000000)
  eden space 130560K, 2% used [0x00000000d6500000,0x00000000d6854710,0x00000000de480000)
  from space 11264K, 99% used [0x00000000de480000,0x00000000def7d158,0x00000000def80000)
  to   space 13312K, 0% used [0x00000000e4680000,0x00000000e4680000,0x00000000e5380000)
 ParOldGen       total 63488K, used 16360K [0x0000000082e00000, 0x0000000086c00000, 0x00000000d6500000)
  object space 63488K, 25% used [0x0000000082e00000,0x0000000083dfa138,0x0000000086c00000)
 Metaspace       used 31972K, capacity 32742K, committed 33024K, reserved 1079296K
  class space    used 3839K, capacity 4046K, committed 4096K, reserved 1048576K
GC Heap History (10 events):
Event: 4.652 GC heap before
{Heap before GC invocations=4 (full 0):
 PSYoungGen      total 37888K, used 37885K [0x00000000d6500000, 0x00000000daf00000, 0x0000000100000000)
  eden space 32768K, 100% used [0x00000000d6500000,0x00000000d8500000,0x00000000d8500000)
  from space 5120K, 99% used [0x00000000d8500000,0x00000000d89ff478,0x00000000d8a00000)
  to   space 5120K, 0% used [0x00000000daa00000,0x00000000daa00000,0x00000000daf00000)
 ParOldGen       total 86016K, used 5022K [0x0000000082e00000, 0x0000000088200000, 0x00000000d6500000)
  object space 86016K, 5% used [0x0000000082e00000,0x00000000832e7a00,0x0000000088200000)
 Metaspace       used 15946K, capacity 16248K, committed 16512K, reserved 1062912K
  class space    used 1926K, capacity 2050K, committed 2176K, reserved 1048576K
Event: 4.668 GC heap after
Heap after GC invocations=4 (full 0):
 PSYoungGen      total 70656K, used 5096K [0x00000000d6500000, 0x00000000daf00000, 0x0000000100000000)
  eden space 65536K, 0% used [0x00000000d6500000,0x00000000d6500000,0x00000000da500000)
  from space 5120K, 99% used [0x00000000daa00000,0x00000000daefa040,0x00000000daf00000)
  to   space 5120K, 0% used [0x00000000da500000,0x00000000da500000,0x00000000daa00000)
 ParOldGen       total 86016K, used 7571K [0x0000000082e00000, 0x0000000088200000, 0x00000000d6500000)
  object space 86016K, 8% used [0x0000000082e00000,0x0000000083564e38,0x0000000088200000)
 Metaspace       used 15946K, capacity 16248K, committed 16512K, reserved 1062912K
  class space    used 1926K, capacity 2050K, committed 2176K, reserved 1048576K
}
Event: 6.342 GC heap before
{Heap before GC invocations=5 (full 0):
 PSYoungGen      total 70656K, used 70632K [0x00000000d6500000, 0x00000000daf00000, 0x0000000100000000)
  eden space 65536K, 100% used [0x00000000d6500000,0x00000000da500000,0x00000000da500000)
  from space 5120K, 99% used [0x00000000daa00000,0x00000000daefa040,0x00000000daf00000)
  to   space 5120K, 0% used [0x00000000da500000,0x00000000da500000,0x00000000daa00000)
 ParOldGen       total 86016K, used 7571K [0x0000000082e00000, 0x0000000088200000, 0x00000000d6500000)
  object space 86016K, 8% used [0x0000000082e00000,0x0000000083564e38,0x0000000088200000)
 Metaspace       used 17073K, capacity 17550K, committed 17792K, reserved 1064960K
  class space    used 2025K, capacity 2159K, committed 2176K, reserved 1048576K
Event: 6.364 GC heap after
Heap after GC invocations=5 (full 0):
 PSYoungGen      total 70656K, used 5104K [0x00000000d6500000, 0x00000000dfa00000, 0x0000000100000000)
  eden space 65536K, 0% used [0x00000000d6500000,0x00000000d6500000,0x00000000da500000)
  from space 5120K, 99% used [0x00000000da500000,0x00000000da9fc010,0x00000000daa00000)
  to   space 10752K, 0% used [0x00000000def80000,0x00000000def80000,0x00000000dfa00000)
 ParOldGen       total 86016K, used 11776K [0x0000000082e00000, 0x0000000088200000, 0x00000000d6500000)
  object space 86016K, 13% used [0x0000000082e00000,0x00000000839801f8,0x0000000088200000)
 Metaspace       used 17073K, capacity 17550K, committed 17792K, reserved 1064960K
  class space    used 2025K, capacity 2159K, committed 2176K, reserved 1048576K
}
Event: 8.234 GC heap before
{Heap before GC invocations=6 (full 0):
 PSYoungGen      total 70656K, used 46672K [0x00000000d6500000, 0x00000000dfa00000, 0x0000000100000000)
  eden space 65536K, 63% used [0x00000000d6500000,0x00000000d8d98180,0x00000000da500000)
  from space 5120K, 99% used [0x00000000da500000,0x00000000da9fc010,0x00000000daa00000)
  to   space 10752K, 0% used [0x00000000def80000,0x00000000def80000,0x00000000dfa00000)
 ParOldGen       total 86016K, used 11776K [0x0000000082e00000, 0x0000000088200000, 0x00000000d6500000)
  object space 86016K, 13% used [0x0000000082e00000,0x00000000839801f8,0x0000000088200000)
 Metaspace       used 20573K, capacity 21178K, committed 21248K, reserved 1069056K
  class space    used 2388K, capacity 2550K, committed 2560K, reserved 1048576K
Event: 8.259 GC heap after
Heap after GC invocations=6 (full 0):
 PSYoungGen      total 141312K, used 9444K [0x00000000d6500000, 0x00000000dfb00000, 0x0000000100000000)
  eden space 130560K, 0% used [0x00000000d6500000,0x00000000d6500000,0x00000000de480000)
  from space 10752K, 87% used [0x00000000def80000,0x00000000df8b93d0,0x00000000dfa00000)
  to   space 11264K, 0% used [0x00000000de480000,0x00000000de480000,0x00000000def80000)
 ParOldGen       total 86016K, used 11848K [0x0000000082e00000, 0x0000000088200000, 0x00000000d6500000)
  object space 86016K, 13% used [0x0000000082e00000,0x0000000083992208,0x0000000088200000)
 Metaspace       used 20573K, capacity 21178K, committed 21248K, reserved 1069056K
  class space    used 2388K, capacity 2550K, committed 2560K, reserved 1048576K
}
Event: 8.259 GC heap before
{Heap before GC invocations=7 (full 1):
 PSYoungGen      total 141312K, used 9444K [0x00000000d6500000, 0x00000000dfb00000, 0x0000000100000000)
  eden space 130560K, 0% used [0x00000000d6500000,0x00000000d6500000,0x00000000de480000)
  from space 10752K, 87% used [0x00000000def80000,0x00000000df8b93d0,0x00000000dfa00000)
  to   space 11264K, 0% used [0x00000000de480000,0x00000000de480000,0x00000000def80000)
 ParOldGen       total 86016K, used 11848K [0x0000000082e00000, 0x0000000088200000, 0x00000000d6500000)
  object space 86016K, 13% used [0x0000000082e00000,0x0000000083992208,0x0000000088200000)
 Metaspace       used 20573K, capacity 21178K, committed 21248K, reserved 1069056K
  class space    used 2388K, capacity 2550K, committed 2560K, reserved 1048576K
Event: 8.372 GC heap after
Heap after GC invocations=7 (full 1):
 PSYoungGen      total 141312K, used 0K [0x00000000d6500000, 0x00000000dfb00000, 0x0000000100000000)
  eden space 130560K, 0% used [0x00000000d6500000,0x00000000d6500000,0x00000000de480000)
  from space 10752K, 0% used [0x00000000def80000,0x00000000def80000,0x00000000dfa00000)
  to   space 11264K, 0% used [0x00000000de480000,0x00000000de480000,0x00000000def80000)
 ParOldGen       total 63488K, used 14992K [0x0000000082e00000, 0x0000000086c00000, 0x00000000d6500000)
  object space 63488K, 23% used [0x0000000082e00000,0x0000000083ca40c8,0x0000000086c00000)
 Metaspace       used 20573K, capacity 21178K, committed 21248K, reserved 1069056K
  class space    used 2388K, capacity 2550K, committed 2560K, reserved 1048576K
}
Event: 11.502 GC heap before
{Heap before GC invocations=8 (full 1):
 PSYoungGen      total 141312K, used 130560K [0x00000000d6500000, 0x00000000dfb00000, 0x0000000100000000)
  eden space 130560K, 100% used [0x00000000d6500000,0x00000000de480000,0x00000000de480000)
  from space 10752K, 0% used [0x00000000def80000,0x00000000def80000,0x00000000dfa00000)
  to   space 11264K, 0% used [0x00000000de480000,0x00000000de480000,0x00000000def80000)
 ParOldGen       total 63488K, used 14992K [0x0000000082e00000, 0x0000000086c00000, 0x00000000d6500000)
  object space 63488K, 23% used [0x0000000082e00000,0x0000000083ca40c8,0x0000000086c00000)
 Metaspace       used 31965K, capacity 32742K, committed 33024K, reserved 1079296K
  class space    used 3839K, capacity 4046K, committed 4096K, reserved 1048576K
Event: 11.556 GC heap after
Heap after GC invocations=8 (full 1):
 PSYoungGen      total 141824K, used 11252K [0x00000000d6500000, 0x00000000e5380000, 0x0000000100000000)
  eden space 130560K, 0% used [0x00000000d6500000,0x00000000d6500000,0x00000000de480000)
  from space 11264K, 99% used [0x00000000de480000,0x00000000def7d158,0x00000000def80000)
  to   space 13312K, 0% used [0x00000000e4680000,0x00000000e4680000,0x00000000e5380000)
 ParOldGen       total 63488K, used 16360K [0x0000000082e00000, 0x0000000086c00000, 0x00000000d6500000)
  object space 63488K, 25% used [0x0000000082e00000,0x0000000083dfa138,0x0000000086c00000)
 Metaspace       used 31965K, capacity 32742K, committed 33024K, reserved 1079296K
  class space    used 3839K, capacity 4046K, committed 4096K, reserved 1048576K
}

